[21-May-2018 18:39:54 UTC] PHP Warning:  mysqli_query() expects at least 2 parameters, 1 given in /home/ubuntu/workspace/db/db.php on line 16
[21-May-2018 18:39:54 UTC] PHP Stack trace:
[21-May-2018 18:39:54 UTC] PHP   1. {main}() /home/ubuntu/workspace/db/db.php:0
[21-May-2018 18:39:54 UTC] PHP   2. mysqli_query() /home/ubuntu/workspace/db/db.php:16
[21-May-2018 20:05:40 UTC] PHP Warning:  Missing argument 1 for User::__construct(), called in /home/ubuntu/workspace/models/User.1.php on line 5 and defined in /home/ubuntu/workspace/models/User.php on line 12
[21-May-2018 20:05:40 UTC] PHP Stack trace:
[21-May-2018 20:05:40 UTC] PHP   1. {main}() /home/ubuntu/workspace/models/User.1.php:0
[21-May-2018 20:05:40 UTC] PHP   2. User->__construct() /home/ubuntu/workspace/models/User.1.php:5
[21-May-2018 20:05:40 UTC] PHP Warning:  Missing argument 2 for User::__construct(), called in /home/ubuntu/workspace/models/User.1.php on line 5 and defined in /home/ubuntu/workspace/models/User.php on line 12
[21-May-2018 20:05:40 UTC] PHP Stack trace:
[21-May-2018 20:05:40 UTC] PHP   1. {main}() /home/ubuntu/workspace/models/User.1.php:0
[21-May-2018 20:05:40 UTC] PHP   2. User->__construct() /home/ubuntu/workspace/models/User.1.php:5
[21-May-2018 20:05:40 UTC] PHP Warning:  Missing argument 3 for User::__construct(), called in /home/ubuntu/workspace/models/User.1.php on line 5 and defined in /home/ubuntu/workspace/models/User.php on line 12
[21-May-2018 20:05:40 UTC] PHP Stack trace:
[21-May-2018 20:05:40 UTC] PHP   1. {main}() /home/ubuntu/workspace/models/User.1.php:0
[21-May-2018 20:05:40 UTC] PHP   2. User->__construct() /home/ubuntu/workspace/models/User.1.php:5
[21-May-2018 20:05:40 UTC] PHP Fatal error:  Call to a member function login() on a non-object in /home/ubuntu/workspace/models/User.1.php on line 6
[21-May-2018 20:05:40 UTC] PHP Stack trace:
[21-May-2018 20:05:40 UTC] PHP   1. {main}() /home/ubuntu/workspace/models/User.1.php:0
[21-May-2018 20:05:56 UTC] PHP Fatal error:  Call to a member function login() on a non-object in /home/ubuntu/workspace/models/User.1.php on line 6
[21-May-2018 20:05:56 UTC] PHP Stack trace:
[21-May-2018 20:05:56 UTC] PHP   1. {main}() /home/ubuntu/workspace/models/User.1.php:0
[21-May-2018 20:11:45 UTC] PHP Warning:  mysqli_query() expects parameter 1 to be mysqli, null given in /home/ubuntu/workspace/models/User.php on line 19
[21-May-2018 20:11:45 UTC] PHP Stack trace:
[21-May-2018 20:11:45 UTC] PHP   1. {main}() /home/ubuntu/workspace/models/User.1.php:0
[21-May-2018 20:11:45 UTC] PHP   2. User->login() /home/ubuntu/workspace/models/User.1.php:7
[21-May-2018 20:11:45 UTC] PHP   3. mysqli_query() /home/ubuntu/workspace/models/User.php:19
[21-May-2018 20:12:17 UTC] PHP Warning:  mysqli_query() expects parameter 1 to be mysqli, null given in /home/ubuntu/workspace/models/User.php on line 19
[21-May-2018 20:12:17 UTC] PHP Stack trace:
[21-May-2018 20:12:17 UTC] PHP   1. {main}() /home/ubuntu/workspace/models/User.1.php:0
[21-May-2018 20:12:17 UTC] PHP   2. User->login() /home/ubuntu/workspace/models/User.1.php:7
[21-May-2018 20:12:17 UTC] PHP   3. mysqli_query() /home/ubuntu/workspace/models/User.php:19
[21-May-2018 20:13:13 UTC] PHP Warning:  mysqli_query() expects parameter 1 to be mysqli, null given in /home/ubuntu/workspace/models/User.php on line 19
[21-May-2018 20:13:13 UTC] PHP Stack trace:
[21-May-2018 20:13:13 UTC] PHP   1. {main}() /home/ubuntu/workspace/models/User.1.php:0
[21-May-2018 20:13:13 UTC] PHP   2. User->login() /home/ubuntu/workspace/models/User.1.php:7
[21-May-2018 20:13:13 UTC] PHP   3. mysqli_query() /home/ubuntu/workspace/models/User.php:19
[21-May-2018 20:16:14 UTC] PHP Warning:  mysqli_query() expects parameter 1 to be mysqli, null given in /home/ubuntu/workspace/models/User.php on line 19
[21-May-2018 20:16:14 UTC] PHP Stack trace:
[21-May-2018 20:16:14 UTC] PHP   1. {main}() /home/ubuntu/workspace/models/User.php:0
[21-May-2018 20:16:14 UTC] PHP   2. User->login() /home/ubuntu/workspace/models/User.php:34
[21-May-2018 20:16:14 UTC] PHP   3. mysqli_query() /home/ubuntu/workspace/models/User.php:19
[21-May-2018 20:17:37 UTC] PHP Warning:  mysqli_query() expects parameter 1 to be mysqli, null given in /home/ubuntu/workspace/models/User.php on line 19
[21-May-2018 20:17:37 UTC] PHP Stack trace:
[21-May-2018 20:17:37 UTC] PHP   1. {main}() /home/ubuntu/workspace/models/User.php:0
[21-May-2018 20:17:37 UTC] PHP   2. User->login() /home/ubuntu/workspace/models/User.php:34
[21-May-2018 20:17:37 UTC] PHP   3. mysqli_query() /home/ubuntu/workspace/models/User.php:19
[21-May-2018 20:17:39 UTC] PHP Warning:  mysqli_query() expects parameter 1 to be mysqli, null given in /home/ubuntu/workspace/models/User.php on line 19
[21-May-2018 20:17:39 UTC] PHP Stack trace:
[21-May-2018 20:17:39 UTC] PHP   1. {main}() /home/ubuntu/workspace/models/User.1.php:0
[21-May-2018 20:17:39 UTC] PHP   2. include() /home/ubuntu/workspace/models/User.1.php:3
[21-May-2018 20:17:39 UTC] PHP   3. User->login() /home/ubuntu/workspace/models/User.php:34
[21-May-2018 20:17:39 UTC] PHP   4. mysqli_query() /home/ubuntu/workspace/models/User.php:19
[21-May-2018 20:17:39 UTC] PHP Warning:  mysqli_query() expects parameter 1 to be mysqli, null given in /home/ubuntu/workspace/models/User.php on line 19
[21-May-2018 20:17:39 UTC] PHP Stack trace:
[21-May-2018 20:17:39 UTC] PHP   1. {main}() /home/ubuntu/workspace/models/User.1.php:0
[21-May-2018 20:17:39 UTC] PHP   2. User->login() /home/ubuntu/workspace/models/User.1.php:7
[21-May-2018 20:17:39 UTC] PHP   3. mysqli_query() /home/ubuntu/workspace/models/User.php:19
[21-May-2018 20:17:42 UTC] PHP Warning:  mysqli_query() expects parameter 1 to be mysqli, null given in /home/ubuntu/workspace/models/User.php on line 19
[21-May-2018 20:17:42 UTC] PHP Stack trace:
[21-May-2018 20:17:42 UTC] PHP   1. {main}() /home/ubuntu/workspace/models/User.php:0
[21-May-2018 20:17:42 UTC] PHP   2. User->login() /home/ubuntu/workspace/models/User.php:34
[21-May-2018 20:17:42 UTC] PHP   3. mysqli_query() /home/ubuntu/workspace/models/User.php:19
[21-May-2018 20:18:04 UTC] PHP Warning:  mysqli_query() expects parameter 1 to be mysqli, null given in /home/ubuntu/workspace/models/User.php on line 19
[21-May-2018 20:18:04 UTC] PHP Stack trace:
[21-May-2018 20:18:04 UTC] PHP   1. {main}() /home/ubuntu/workspace/models/User.php:0
[21-May-2018 20:18:04 UTC] PHP   2. User->login() /home/ubuntu/workspace/models/User.php:34
[21-May-2018 20:18:04 UTC] PHP   3. mysqli_query() /home/ubuntu/workspace/models/User.php:19
[21-May-2018 20:20:17 UTC] PHP Warning:  mysqli_query() expects parameter 1 to be mysqli, null given in /home/ubuntu/workspace/models/User.php on line 20
[21-May-2018 20:20:17 UTC] PHP Stack trace:
[21-May-2018 20:20:17 UTC] PHP   1. {main}() /home/ubuntu/workspace/models/User.php:0
[21-May-2018 20:20:17 UTC] PHP   2. User->login() /home/ubuntu/workspace/models/User.php:35
[21-May-2018 20:20:17 UTC] PHP   3. mysqli_query() /home/ubuntu/workspace/models/User.php:20
[21-May-2018 20:20:19 UTC] PHP Warning:  mysqli_query() expects parameter 1 to be mysqli, null given in /home/ubuntu/workspace/models/User.php on line 20
[21-May-2018 20:20:19 UTC] PHP Stack trace:
[21-May-2018 20:20:19 UTC] PHP   1. {main}() /home/ubuntu/workspace/models/User.1.php:0
[21-May-2018 20:20:19 UTC] PHP   2. include() /home/ubuntu/workspace/models/User.1.php:3
[21-May-2018 20:20:19 UTC] PHP   3. User->login() /home/ubuntu/workspace/models/User.php:35
[21-May-2018 20:20:19 UTC] PHP   4. mysqli_query() /home/ubuntu/workspace/models/User.php:20
[21-May-2018 20:20:19 UTC] PHP Warning:  mysqli_query() expects parameter 1 to be mysqli, null given in /home/ubuntu/workspace/models/User.php on line 20
[21-May-2018 20:20:19 UTC] PHP Stack trace:
[21-May-2018 20:20:19 UTC] PHP   1. {main}() /home/ubuntu/workspace/models/User.1.php:0
[21-May-2018 20:20:19 UTC] PHP   2. User->login() /home/ubuntu/workspace/models/User.1.php:7
[21-May-2018 20:20:19 UTC] PHP   3. mysqli_query() /home/ubuntu/workspace/models/User.php:20
[21-May-2018 20:21:28 UTC] PHP Warning:  mysqli_query() expects parameter 1 to be mysqli, null given in /home/ubuntu/workspace/models/User.php on line 20
[21-May-2018 20:21:28 UTC] PHP Stack trace:
[21-May-2018 20:21:28 UTC] PHP   1. {main}() /home/ubuntu/workspace/models/User.php:0
[21-May-2018 20:21:28 UTC] PHP   2. User->login() /home/ubuntu/workspace/models/User.php:35
[21-May-2018 20:21:28 UTC] PHP   3. mysqli_query() /home/ubuntu/workspace/models/User.php:20
[21-May-2018 20:21:29 UTC] PHP Warning:  mysqli_query() expects parameter 1 to be mysqli, null given in /home/ubuntu/workspace/models/User.php on line 20
[21-May-2018 20:21:29 UTC] PHP Stack trace:
[21-May-2018 20:21:29 UTC] PHP   1. {main}() /home/ubuntu/workspace/models/User.php:0
[21-May-2018 20:21:29 UTC] PHP   2. User->login() /home/ubuntu/workspace/models/User.php:35
[21-May-2018 20:21:29 UTC] PHP   3. mysqli_query() /home/ubuntu/workspace/models/User.php:20
[21-May-2018 20:21:30 UTC] PHP Warning:  mysqli_query() expects parameter 1 to be mysqli, null given in /home/ubuntu/workspace/models/User.php on line 20
[21-May-2018 20:21:30 UTC] PHP Stack trace:
[21-May-2018 20:21:30 UTC] PHP   1. {main}() /home/ubuntu/workspace/models/User.php:0
[21-May-2018 20:21:30 UTC] PHP   2. User->login() /home/ubuntu/workspace/models/User.php:35
[21-May-2018 20:21:30 UTC] PHP   3. mysqli_query() /home/ubuntu/workspace/models/User.php:20
[21-May-2018 20:21:30 UTC] PHP Warning:  mysqli_query() expects parameter 1 to be mysqli, null given in /home/ubuntu/workspace/models/User.php on line 20
[21-May-2018 20:21:30 UTC] PHP Stack trace:
[21-May-2018 20:21:30 UTC] PHP   1. {main}() /home/ubuntu/workspace/models/User.php:0
[21-May-2018 20:21:30 UTC] PHP   2. User->login() /home/ubuntu/workspace/models/User.php:35
[21-May-2018 20:21:30 UTC] PHP   3. mysqli_query() /home/ubuntu/workspace/models/User.php:20
[22-May-2018 17:13:41 UTC] PHP Warning:  Missing argument 1 for User::login(), called in /home/ubuntu/workspace/models/User.php on line 35 and defined in /home/ubuntu/workspace/models/User.php on line 18
[22-May-2018 17:13:41 UTC] PHP Stack trace:
[22-May-2018 17:13:41 UTC] PHP   1. {main}() /home/ubuntu/workspace/models/User.1.php:0
[22-May-2018 17:13:41 UTC] PHP   2. include() /home/ubuntu/workspace/models/User.1.php:3
[22-May-2018 17:13:41 UTC] PHP   3. User->login() /home/ubuntu/workspace/models/User.php:35
[22-May-2018 17:13:41 UTC] PHP Warning:  mysqli_query() expects parameter 1 to be mysqli, null given in /home/ubuntu/workspace/models/User.php on line 20
[22-May-2018 17:13:41 UTC] PHP Stack trace:
[22-May-2018 17:13:41 UTC] PHP   1. {main}() /home/ubuntu/workspace/models/User.1.php:0
[22-May-2018 17:13:41 UTC] PHP   2. include() /home/ubuntu/workspace/models/User.1.php:3
[22-May-2018 17:13:41 UTC] PHP   3. User->login() /home/ubuntu/workspace/models/User.php:35
[22-May-2018 17:13:41 UTC] PHP   4. mysqli_query() /home/ubuntu/workspace/models/User.php:20
[22-May-2018 17:14:34 UTC] PHP Warning:  Missing argument 1 for User::login(), called in /home/ubuntu/workspace/models/User.php on line 35 and defined in /home/ubuntu/workspace/models/User.php on line 18
[22-May-2018 17:14:34 UTC] PHP Stack trace:
[22-May-2018 17:14:34 UTC] PHP   1. {main}() /home/ubuntu/workspace/models/User.1.php:0
[22-May-2018 17:14:34 UTC] PHP   2. include() /home/ubuntu/workspace/models/User.1.php:3
[22-May-2018 17:14:34 UTC] PHP   3. User->login() /home/ubuntu/workspace/models/User.php:35
[22-May-2018 17:14:34 UTC] PHP Warning:  mysqli_query() expects parameter 1 to be mysqli, null given in /home/ubuntu/workspace/models/User.php on line 20
[22-May-2018 17:14:34 UTC] PHP Stack trace:
[22-May-2018 17:14:34 UTC] PHP   1. {main}() /home/ubuntu/workspace/models/User.1.php:0
[22-May-2018 17:14:34 UTC] PHP   2. include() /home/ubuntu/workspace/models/User.1.php:3
[22-May-2018 17:14:34 UTC] PHP   3. User->login() /home/ubuntu/workspace/models/User.php:35
[22-May-2018 17:14:34 UTC] PHP   4. mysqli_query() /home/ubuntu/workspace/models/User.php:20
[22-May-2018 19:08:57 UTC] PHP Parse error:  syntax error, unexpected 'public' (T_PUBLIC) in /home/ubuntu/workspace/models/User.php on line 64
[22-May-2018 19:08:57 UTC] PHP Stack trace:
[22-May-2018 19:08:57 UTC] PHP   1. {main}() /home/ubuntu/workspace/models/User.1.php:0
[01-Jun-2018 16:19:01 UTC] PHP Warning:  mysql_insert_id(): Access denied for user ''@'localhost' (using password: NO) in /home/ubuntu/workspace/models/User.php on line 44
[01-Jun-2018 16:19:01 UTC] PHP Stack trace:
[01-Jun-2018 16:19:01 UTC] PHP   1. {main}() /home/ubuntu/workspace/models/User.1.php:0
[01-Jun-2018 16:19:01 UTC] PHP   2. User->create() /home/ubuntu/workspace/models/User.1.php:7
[01-Jun-2018 16:19:01 UTC] PHP   3. mysql_insert_id() /home/ubuntu/workspace/models/User.php:44
[01-Jun-2018 16:19:01 UTC] PHP Warning:  mysql_insert_id(): A link to the server could not be established in /home/ubuntu/workspace/models/User.php on line 44
[01-Jun-2018 16:19:01 UTC] PHP Stack trace:
[01-Jun-2018 16:19:01 UTC] PHP   1. {main}() /home/ubuntu/workspace/models/User.1.php:0
[01-Jun-2018 16:19:01 UTC] PHP   2. User->create() /home/ubuntu/workspace/models/User.1.php:7
[01-Jun-2018 16:19:01 UTC] PHP   3. mysql_insert_id() /home/ubuntu/workspace/models/User.php:44
[01-Jun-2018 16:20:53 UTC] PHP Warning:  mysqli_insert_id() expects exactly 1 parameter, 0 given in /home/ubuntu/workspace/models/User.php on line 44
[01-Jun-2018 16:20:53 UTC] PHP Stack trace:
[01-Jun-2018 16:20:53 UTC] PHP   1. {main}() /home/ubuntu/workspace/models/User.1.php:0
[01-Jun-2018 16:20:53 UTC] PHP   2. User->create() /home/ubuntu/workspace/models/User.1.php:7
[01-Jun-2018 16:20:53 UTC] PHP   3. mysqli_insert_id() /home/ubuntu/workspace/models/User.php:44
[01-Jun-2018 16:39:35 UTC] PHP Warning:  mysqli_query() expects parameter 1 to be mysqli, null given in /home/ubuntu/workspace/models/User.php on line 71
[01-Jun-2018 16:39:35 UTC] PHP Stack trace:
[01-Jun-2018 16:39:35 UTC] PHP   1. {main}() /home/ubuntu/workspace/models/User.1.php:0
[01-Jun-2018 16:39:35 UTC] PHP   2. User->update() /home/ubuntu/workspace/models/User.1.php:8
[01-Jun-2018 16:39:35 UTC] PHP   3. mysqli_query() /home/ubuntu/workspace/models/User.php:71
[01-Jun-2018 19:36:30 UTC] PHP Warning:  require_once($_SERVER[DOCUMENT_ROOT].vendor/autoload.php)): failed to open stream: No such file or directory in /home/ubuntu/workspace/models/User.php on line 133
[01-Jun-2018 19:36:30 UTC] PHP Stack trace:
[01-Jun-2018 19:36:30 UTC] PHP   1. {main}() /home/ubuntu/workspace/models/User.1.php:0
[01-Jun-2018 19:36:30 UTC] PHP   2. User->recoverPass() /home/ubuntu/workspace/models/User.1.php:8
[01-Jun-2018 19:36:30 UTC] PHP Fatal error:  require_once(): Failed opening required '$_SERVER[DOCUMENT_ROOT].vendor/autoload.php)' (include_path='.:/usr/share/php:/usr/share/pear') in /home/ubuntu/workspace/models/User.php on line 133
[01-Jun-2018 19:36:30 UTC] PHP Stack trace:
[01-Jun-2018 19:36:30 UTC] PHP   1. {main}() /home/ubuntu/workspace/models/User.1.php:0
[01-Jun-2018 19:36:30 UTC] PHP   2. User->recoverPass() /home/ubuntu/workspace/models/User.1.php:8
[01-Jun-2018 19:37:25 UTC] PHP Parse error:  syntax error, unexpected ')' in /home/ubuntu/workspace/models/User.php on line 133
[01-Jun-2018 19:37:25 UTC] PHP Stack trace:
[01-Jun-2018 19:37:25 UTC] PHP   1. {main}() /home/ubuntu/workspace/models/User.1.php:0
[01-Jun-2018 19:37:41 UTC] PHP Warning:  require_once(/home/ubuntu/workspacevendor/autoload.php): failed to open stream: No such file or directory in /home/ubuntu/workspace/models/User.php on line 133
[01-Jun-2018 19:37:41 UTC] PHP Stack trace:
[01-Jun-2018 19:37:41 UTC] PHP   1. {main}() /home/ubuntu/workspace/models/User.1.php:0
[01-Jun-2018 19:37:41 UTC] PHP   2. User->recoverPass() /home/ubuntu/workspace/models/User.1.php:8
[01-Jun-2018 19:37:41 UTC] PHP Fatal error:  require_once(): Failed opening required '/home/ubuntu/workspacevendor/autoload.php' (include_path='.:/usr/share/php:/usr/share/pear') in /home/ubuntu/workspace/models/User.php on line 133
[01-Jun-2018 19:37:41 UTC] PHP Stack trace:
[01-Jun-2018 19:37:41 UTC] PHP   1. {main}() /home/ubuntu/workspace/models/User.1.php:0
[01-Jun-2018 19:37:41 UTC] PHP   2. User->recoverPass() /home/ubuntu/workspace/models/User.1.php:8
[01-Jun-2018 19:39:29 UTC] PHP Warning:  include(/home/ubuntu/workspacevendor/autoload.php): failed to open stream: No such file or directory in /home/ubuntu/workspace/models/User.php on line 133
[01-Jun-2018 19:39:29 UTC] PHP Stack trace:
[01-Jun-2018 19:39:29 UTC] PHP   1. {main}() /home/ubuntu/workspace/models/User.1.php:0
[01-Jun-2018 19:39:29 UTC] PHP   2. User->recoverPass() /home/ubuntu/workspace/models/User.1.php:8
[01-Jun-2018 19:39:29 UTC] PHP Warning:  include(): Failed opening '/home/ubuntu/workspacevendor/autoload.php' for inclusion (include_path='.:/usr/share/php:/usr/share/pear') in /home/ubuntu/workspace/models/User.php on line 133
[01-Jun-2018 19:39:29 UTC] PHP Stack trace:
[01-Jun-2018 19:39:29 UTC] PHP   1. {main}() /home/ubuntu/workspace/models/User.1.php:0
[01-Jun-2018 19:39:29 UTC] PHP   2. User->recoverPass() /home/ubuntu/workspace/models/User.1.php:8
[01-Jun-2018 19:39:29 UTC] PHP Fatal error:  Class 'PHPMailer\PHPMailer\PHPMailer' not found in /home/ubuntu/workspace/models/User.php on line 138
[01-Jun-2018 19:39:29 UTC] PHP Stack trace:
[01-Jun-2018 19:39:29 UTC] PHP   1. {main}() /home/ubuntu/workspace/models/User.1.php:0
[01-Jun-2018 19:39:29 UTC] PHP   2. User->recoverPass() /home/ubuntu/workspace/models/User.1.php:8
[01-Jun-2018 19:40:59 UTC] PHP Warning:  include(/home/ubuntu/workspace): failed to open stream: Operation now in progress in /home/ubuntu/workspace/models/User.php on line 133
[01-Jun-2018 19:40:59 UTC] PHP Stack trace:
[01-Jun-2018 19:40:59 UTC] PHP   1. {main}() /home/ubuntu/workspace/models/User.1.php:0
[01-Jun-2018 19:40:59 UTC] PHP   2. User->recoverPass() /home/ubuntu/workspace/models/User.1.php:8
[01-Jun-2018 19:40:59 UTC] PHP Warning:  include(): Failed opening '/home/ubuntu/workspace' for inclusion (include_path='.:/usr/share/php:/usr/share/pear') in /home/ubuntu/workspace/models/User.php on line 133
[01-Jun-2018 19:40:59 UTC] PHP Stack trace:
[01-Jun-2018 19:40:59 UTC] PHP   1. {main}() /home/ubuntu/workspace/models/User.1.php:0
[01-Jun-2018 19:40:59 UTC] PHP   2. User->recoverPass() /home/ubuntu/workspace/models/User.1.php:8
[01-Jun-2018 19:40:59 UTC] PHP Fatal error:  Class 'PHPMailer\PHPMailer\PHPMailer' not found in /home/ubuntu/workspace/models/User.php on line 138
[01-Jun-2018 19:40:59 UTC] PHP Stack trace:
[01-Jun-2018 19:40:59 UTC] PHP   1. {main}() /home/ubuntu/workspace/models/User.1.php:0
[01-Jun-2018 19:40:59 UTC] PHP   2. User->recoverPass() /home/ubuntu/workspace/models/User.1.php:8
[01-Jun-2018 19:42:12 UTC] PHP Warning:  include(/home/ubuntu/workspace/vendor/autoljoad.php): failed to open stream: No such file or directory in /home/ubuntu/workspace/models/User.php on line 133
[01-Jun-2018 19:42:12 UTC] PHP Stack trace:
[01-Jun-2018 19:42:12 UTC] PHP   1. {main}() /home/ubuntu/workspace/models/User.1.php:0
[01-Jun-2018 19:42:12 UTC] PHP   2. User->recoverPass() /home/ubuntu/workspace/models/User.1.php:8
[01-Jun-2018 19:42:12 UTC] PHP Warning:  include(): Failed opening '/home/ubuntu/workspace/vendor/autoljoad.php' for inclusion (include_path='.:/usr/share/php:/usr/share/pear') in /home/ubuntu/workspace/models/User.php on line 133
[01-Jun-2018 19:42:12 UTC] PHP Stack trace:
[01-Jun-2018 19:42:12 UTC] PHP   1. {main}() /home/ubuntu/workspace/models/User.1.php:0
[01-Jun-2018 19:42:12 UTC] PHP   2. User->recoverPass() /home/ubuntu/workspace/models/User.1.php:8
[01-Jun-2018 19:42:12 UTC] PHP Fatal error:  Class 'PHPMailer\PHPMailer\PHPMailer' not found in /home/ubuntu/workspace/models/User.php on line 138
[01-Jun-2018 19:42:12 UTC] PHP Stack trace:
[01-Jun-2018 19:42:12 UTC] PHP   1. {main}() /home/ubuntu/workspace/models/User.1.php:0
[01-Jun-2018 19:42:12 UTC] PHP   2. User->recoverPass() /home/ubuntu/workspace/models/User.1.php:8
[01-Jun-2018 20:17:36 UTC] PHP Parse error:  syntax error, unexpected '$mail' (T_VARIABLE) in /home/ubuntu/workspace/models/User.php on line 118
[01-Jun-2018 20:17:36 UTC] PHP Stack trace:
[01-Jun-2018 20:17:36 UTC] PHP   1. {main}() /home/ubuntu/workspace/models/User.1.php:0
[01-Jun-2018 20:17:47 UTC] PHP Warning:  Missing argument 1 for User::recoverPass(), called in /home/ubuntu/workspace/models/User.1.php on line 8 and defined in /home/ubuntu/workspace/models/User.php on line 114
[01-Jun-2018 20:17:47 UTC] PHP Stack trace:
[01-Jun-2018 20:17:47 UTC] PHP   1. {main}() /home/ubuntu/workspace/models/User.1.php:0
[01-Jun-2018 20:17:47 UTC] PHP   2. User->recoverPass() /home/ubuntu/workspace/models/User.1.php:8
[01-Jun-2018 20:17:47 UTC] PHP Warning:  Missing argument 2 for User::recoverPass(), called in /home/ubuntu/workspace/models/User.1.php on line 8 and defined in /home/ubuntu/workspace/models/User.php on line 114
[01-Jun-2018 20:17:47 UTC] PHP Stack trace:
[01-Jun-2018 20:17:47 UTC] PHP   1. {main}() /home/ubuntu/workspace/models/User.1.php:0
[01-Jun-2018 20:17:47 UTC] PHP   2. User->recoverPass() /home/ubuntu/workspace/models/User.1.php:8
[01-Jun-2018 20:30:56 UTC] PHP Parse error:  syntax error, unexpected '<' in /home/ubuntu/workspace/models/User.php on line 116
[01-Jun-2018 20:30:56 UTC] PHP Stack trace:
[01-Jun-2018 20:30:56 UTC] PHP   1. {main}() /home/ubuntu/workspace/models/User.1.php:0
[01-Jun-2018 20:31:16 UTC] PHP Warning:  require(vendor/autoload.php): failed to open stream: No such file or directory in /home/ubuntu/workspace/models/User.php on line 118
[01-Jun-2018 20:31:16 UTC] PHP Stack trace:
[01-Jun-2018 20:31:16 UTC] PHP   1. {main}() /home/ubuntu/workspace/models/User.1.php:0
[01-Jun-2018 20:31:16 UTC] PHP   2. User->recoverPass() /home/ubuntu/workspace/models/User.1.php:8
[01-Jun-2018 20:31:16 UTC] PHP Fatal error:  require(): Failed opening required 'vendor/autoload.php' (include_path='.:/usr/share/php:/usr/share/pear') in /home/ubuntu/workspace/models/User.php on line 118
[01-Jun-2018 20:31:16 UTC] PHP Stack trace:
[01-Jun-2018 20:31:16 UTC] PHP   1. {main}() /home/ubuntu/workspace/models/User.1.php:0
[01-Jun-2018 20:31:16 UTC] PHP   2. User->recoverPass() /home/ubuntu/workspace/models/User.1.php:8
[01-Jun-2018 20:31:41 UTC] PHP Warning:  require(../../vendor/autoload.php): failed to open stream: No such file or directory in /home/ubuntu/workspace/models/User.php on line 118
[01-Jun-2018 20:31:41 UTC] PHP Stack trace:
[01-Jun-2018 20:31:41 UTC] PHP   1. {main}() /home/ubuntu/workspace/models/User.1.php:0
[01-Jun-2018 20:31:41 UTC] PHP   2. User->recoverPass() /home/ubuntu/workspace/models/User.1.php:8
[01-Jun-2018 20:31:41 UTC] PHP Fatal error:  require(): Failed opening required '../../vendor/autoload.php' (include_path='.:/usr/share/php:/usr/share/pear') in /home/ubuntu/workspace/models/User.php on line 118
[01-Jun-2018 20:31:41 UTC] PHP Stack trace:
[01-Jun-2018 20:31:41 UTC] PHP   1. {main}() /home/ubuntu/workspace/models/User.1.php:0
[01-Jun-2018 20:31:41 UTC] PHP   2. User->recoverPass() /home/ubuntu/workspace/models/User.1.php:8
[01-Jun-2018 20:32:46 UTC] PHP Fatal error:  Class 'Dotenv' not found in /home/ubuntu/workspace/models/User.php on line 119
[01-Jun-2018 20:32:46 UTC] PHP Stack trace:
[01-Jun-2018 20:32:46 UTC] PHP   1. {main}() /home/ubuntu/workspace/models/User.1.php:0
[01-Jun-2018 20:32:46 UTC] PHP   2. User->recoverPass() /home/ubuntu/workspace/models/User.1.php:8
[01-Jun-2018 20:33:58 UTC] PHP Fatal error:  Class 'SendGrid' not found in /home/ubuntu/workspace/models/User.php on line 119
[01-Jun-2018 20:33:58 UTC] PHP Stack trace:
[01-Jun-2018 20:33:58 UTC] PHP   1. {main}() /home/ubuntu/workspace/models/User.1.php:0
[01-Jun-2018 20:33:58 UTC] PHP   2. User->recoverPass() /home/ubuntu/workspace/models/User.1.php:8
[01-Jun-2018 20:41:06 UTC] PHP Fatal error:  Class 'Dotenv' not found in /home/ubuntu/workspace/models/User.php on line 119
[01-Jun-2018 20:41:06 UTC] PHP Stack trace:
[01-Jun-2018 20:41:06 UTC] PHP   1. {main}() /home/ubuntu/workspace/models/User.1.php:0
[01-Jun-2018 20:41:06 UTC] PHP   2. User->recoverPass() /home/ubuntu/workspace/models/User.1.php:8
[01-Jun-2018 21:02:57 UTC] PHP Parse error:  syntax error, unexpected 'Authorization' (T_STRING) in /home/ubuntu/workspace/models/User.php on line 121
[01-Jun-2018 21:02:57 UTC] PHP Stack trace:
[01-Jun-2018 21:02:57 UTC] PHP   1. {main}() /home/ubuntu/workspace/models/User.1.php:0
[01-Jun-2018 21:05:09 UTC] PHP Parse error:  syntax error, unexpected 'public' (T_PUBLIC) in /home/ubuntu/workspace/models/User.php on line 144
[01-Jun-2018 21:05:09 UTC] PHP Stack trace:
[01-Jun-2018 21:05:09 UTC] PHP   1. {main}() /home/ubuntu/workspace/models/User.1.php:0
[15-Jun-2018 18:58:35 UTC] PHP Warning:  Missing argument 5 for User::createUser(), called in /home/ubuntu/workspace/controllers/accesscontroller.php on line 18 and defined in /home/ubuntu/workspace/models/User.php on line 18
[15-Jun-2018 18:58:35 UTC] PHP Stack trace:
[15-Jun-2018 18:58:35 UTC] PHP   1. {main}() /home/ubuntu/workspace/controllers/accesscontroller.php:0
[15-Jun-2018 18:58:35 UTC] PHP   2. User->createUser() /home/ubuntu/workspace/controllers/accesscontroller.php:18
[15-Jun-2018 19:27:44 UTC] PHP Fatal error:  Function name must be a string in /home/ubuntu/workspace/helpers/queries.php on line 19
[15-Jun-2018 19:27:44 UTC] PHP Stack trace:
[15-Jun-2018 19:27:44 UTC] PHP   1. {main}() /home/ubuntu/workspace/helpers/queries.php:0
[15-Jun-2018 19:28:13 UTC] PHP Warning:  mysqli_query() expects parameter 1 to be mysqli, null given in /home/ubuntu/workspace/helpers/queries.php on line 7
[15-Jun-2018 19:28:13 UTC] PHP Stack trace:
[15-Jun-2018 19:28:13 UTC] PHP   1. {main}() /home/ubuntu/workspace/helpers/queries.php:0
[15-Jun-2018 19:28:13 UTC] PHP   2. preferenceList() /home/ubuntu/workspace/helpers/queries.php:19
[15-Jun-2018 19:28:13 UTC] PHP   3. mysqli_query() /home/ubuntu/workspace/helpers/queries.php:7
[15-Jun-2018 19:28:13 UTC] PHP Warning:  mysqli_fetch_array() expects parameter 1 to be mysqli_result, null given in /home/ubuntu/workspace/helpers/queries.php on line 8
[15-Jun-2018 19:28:13 UTC] PHP Stack trace:
[15-Jun-2018 19:28:13 UTC] PHP   1. {main}() /home/ubuntu/workspace/helpers/queries.php:0
[15-Jun-2018 19:28:13 UTC] PHP   2. preferenceList() /home/ubuntu/workspace/helpers/queries.php:19
[15-Jun-2018 19:28:13 UTC] PHP   3. mysqli_fetch_array() /home/ubuntu/workspace/helpers/queries.php:8
[15-Jun-2018 19:29:19 UTC] PHP Warning:  mysqli_fetch_array() expects parameter 1 to be mysqli_result, null given in /home/ubuntu/workspace/helpers/queries.php on line 8
[15-Jun-2018 19:29:19 UTC] PHP Stack trace:
[15-Jun-2018 19:29:19 UTC] PHP   1. {main}() /home/ubuntu/workspace/helpers/queries.php:0
[15-Jun-2018 19:29:19 UTC] PHP   2. preferenceList() /home/ubuntu/workspace/helpers/queries.php:19
[15-Jun-2018 19:29:19 UTC] PHP   3. mysqli_fetch_array() /home/ubuntu/workspace/helpers/queries.php:8
[15-Jun-2018 19:29:53 UTC] PHP Warning:  mysqli_fetch_array() expects parameter 1 to be mysqli_result, null given in /home/ubuntu/workspace/helpers/queries.php on line 8
[15-Jun-2018 19:29:53 UTC] PHP Stack trace:
[15-Jun-2018 19:29:53 UTC] PHP   1. {main}() /home/ubuntu/workspace/helpers/queries.php:0
[15-Jun-2018 19:29:53 UTC] PHP   2. preferenceList() /home/ubuntu/workspace/helpers/queries.php:19
[15-Jun-2018 19:29:53 UTC] PHP   3. mysqli_fetch_array() /home/ubuntu/workspace/helpers/queries.php:8
[15-Jun-2018 19:31:36 UTC] PHP Parse error:  syntax error, unexpected '/' in /home/ubuntu/workspace/helpers/queries.php on line 19
[15-Jun-2018 19:33:06 UTC] PHP Warning:  mysqli_query() expects parameter 1 to be mysqli, null given in /home/ubuntu/workspace/helpers/queries.php on line 7
[15-Jun-2018 19:33:06 UTC] PHP Stack trace:
[15-Jun-2018 19:33:06 UTC] PHP   1. {main}() /home/ubuntu/workspace/helpers/queries.php:0
[15-Jun-2018 19:33:06 UTC] PHP   2. preferenceList() /home/ubuntu/workspace/helpers/queries.php:19
[15-Jun-2018 19:33:06 UTC] PHP   3. mysqli_query() /home/ubuntu/workspace/helpers/queries.php:7
[15-Jun-2018 19:33:06 UTC] PHP Warning:  mysqli_fetch_array() expects parameter 1 to be mysqli_result, null given in /home/ubuntu/workspace/helpers/queries.php on line 8
[15-Jun-2018 19:33:06 UTC] PHP Stack trace:
[15-Jun-2018 19:33:06 UTC] PHP   1. {main}() /home/ubuntu/workspace/helpers/queries.php:0
[15-Jun-2018 19:33:06 UTC] PHP   2. preferenceList() /home/ubuntu/workspace/helpers/queries.php:19
[15-Jun-2018 19:33:06 UTC] PHP   3. mysqli_fetch_array() /home/ubuntu/workspace/helpers/queries.php:8
[15-Jun-2018 20:07:15 UTC] PHP Parse error:  syntax error, unexpected '[' in /home/ubuntu/workspace/helpers/queries.php on line 20
[15-Jun-2018 20:08:45 UTC] PHP Parse error:  syntax error, unexpected '$t' (T_VARIABLE) in /home/ubuntu/workspace/helpers/queries.php on line 23
[15-Jun-2018 20:16:04 UTC] PHP Parse error:  syntax error, unexpected '$teste' (T_VARIABLE) in /home/ubuntu/workspace/helpers/queries.php on line 19
[17-Jun-2018 21:24:47 UTC] PHP Parse error:  syntax error, unexpected '/' in /home/ubuntu/workspace/controllers/locationController.php on line 10
[17-Jun-2018 21:26:04 UTC] PHP Parse error:  syntax error, unexpected '/' in /home/ubuntu/workspace/controllers/locationController.php on line 10
[17-Jun-2018 21:27:15 UTC] PHP Parse error:  syntax error, unexpected '/' in /home/ubuntu/workspace/controllers/locationController.php on line 10
[18-Jun-2018 03:39:06 UTC] PHP Fatal error:  Class 'Preference' not found in /home/ubuntu/workspace/controllers/preferenceController.php on line 10
[18-Jun-2018 03:39:06 UTC] PHP Stack trace:
[18-Jun-2018 03:39:06 UTC] PHP   1. {main}() /home/ubuntu/workspace/controllers/preferenceController.php:0
[18-Jun-2018 05:07:03 UTC] PHP Fatal error:  Class 'Noticia' not found in /home/ubuntu/workspace/controllers/noticiaController.php on line 10
[18-Jun-2018 05:07:03 UTC] PHP Stack trace:
[18-Jun-2018 05:07:03 UTC] PHP   1. {main}() /home/ubuntu/workspace/controllers/noticiaController.php:0
[19-Jun-2018 18:43:16 UTC] PHP Warning:  include(../sidebar.php): failed to open stream: No such file or directory in /home/ubuntu/workspace/views/alert.php on line 37
[19-Jun-2018 18:43:16 UTC] PHP Stack trace:
[19-Jun-2018 18:43:16 UTC] PHP   1. {main}() /home/ubuntu/workspace/views/alert.php:0
[19-Jun-2018 18:43:16 UTC] PHP Warning:  include(): Failed opening '../sidebar.php' for inclusion (include_path='.:/usr/share/php:/usr/share/pear') in /home/ubuntu/workspace/views/alert.php on line 37
[19-Jun-2018 18:43:16 UTC] PHP Stack trace:
[19-Jun-2018 18:43:16 UTC] PHP   1. {main}() /home/ubuntu/workspace/views/alert.php:0
[19-Jun-2018 18:43:29 UTC] PHP Warning:  include(../sidebar.php): failed to open stream: No such file or directory in /home/ubuntu/workspace/views/alert.php on line 37
[19-Jun-2018 18:43:29 UTC] PHP Stack trace:
[19-Jun-2018 18:43:29 UTC] PHP   1. {main}() /home/ubuntu/workspace/views/alert.php:0
[19-Jun-2018 18:43:29 UTC] PHP Warning:  include(): Failed opening '../sidebar.php' for inclusion (include_path='.:/usr/share/php:/usr/share/pear') in /home/ubuntu/workspace/views/alert.php on line 37
[19-Jun-2018 18:43:29 UTC] PHP Stack trace:
[19-Jun-2018 18:43:29 UTC] PHP   1. {main}() /home/ubuntu/workspace/views/alert.php:0
[19-Jun-2018 18:45:21 UTC] PHP Warning:  include(../sidebar.php): failed to open stream: No such file or directory in /home/ubuntu/workspace/views/alert.php on line 37
[19-Jun-2018 18:45:21 UTC] PHP Stack trace:
[19-Jun-2018 18:45:21 UTC] PHP   1. {main}() /home/ubuntu/workspace/views/alert.php:0
[19-Jun-2018 18:45:21 UTC] PHP Warning:  include(): Failed opening '../sidebar.php' for inclusion (include_path='.:/usr/share/php:/usr/share/pear') in /home/ubuntu/workspace/views/alert.php on line 37
[19-Jun-2018 18:45:21 UTC] PHP Stack trace:
[19-Jun-2018 18:45:21 UTC] PHP   1. {main}() /home/ubuntu/workspace/views/alert.php:0
[19-Jun-2018 18:45:30 UTC] PHP Warning:  include(../sidebar.php): failed to open stream: No such file or directory in /home/ubuntu/workspace/views/alert.php on line 37
[19-Jun-2018 18:45:30 UTC] PHP Stack trace:
[19-Jun-2018 18:45:30 UTC] PHP   1. {main}() /home/ubuntu/workspace/views/alert.php:0
[19-Jun-2018 18:45:30 UTC] PHP Warning:  include(): Failed opening '../sidebar.php' for inclusion (include_path='.:/usr/share/php:/usr/share/pear') in /home/ubuntu/workspace/views/alert.php on line 37
[19-Jun-2018 18:45:30 UTC] PHP Stack trace:
[19-Jun-2018 18:45:30 UTC] PHP   1. {main}() /home/ubuntu/workspace/views/alert.php:0
[19-Jun-2018 18:50:30 UTC] PHP Warning:  include(../sidebar.php): failed to open stream: No such file or directory in /home/ubuntu/workspace/views/alert.php on line 37
[19-Jun-2018 18:50:30 UTC] PHP Stack trace:
[19-Jun-2018 18:50:30 UTC] PHP   1. {main}() /home/ubuntu/workspace/views/alert.php:0
[19-Jun-2018 18:50:30 UTC] PHP Warning:  include(): Failed opening '../sidebar.php' for inclusion (include_path='.:/usr/share/php:/usr/share/pear') in /home/ubuntu/workspace/views/alert.php on line 37
[19-Jun-2018 18:50:30 UTC] PHP Stack trace:
[19-Jun-2018 18:50:30 UTC] PHP   1. {main}() /home/ubuntu/workspace/views/alert.php:0
[19-Jun-2018 18:51:13 UTC] PHP Warning:  include(../sidebar.php): failed to open stream: No such file or directory in /home/ubuntu/workspace/views/alert.php on line 110
[19-Jun-2018 18:51:13 UTC] PHP Stack trace:
[19-Jun-2018 18:51:13 UTC] PHP   1. {main}() /home/ubuntu/workspace/views/alert.php:0
[19-Jun-2018 18:51:13 UTC] PHP Warning:  include(): Failed opening '../sidebar.php' for inclusion (include_path='.:/usr/share/php:/usr/share/pear') in /home/ubuntu/workspace/views/alert.php on line 110
[19-Jun-2018 18:51:13 UTC] PHP Stack trace:
[19-Jun-2018 18:51:13 UTC] PHP   1. {main}() /home/ubuntu/workspace/views/alert.php:0
[19-Jun-2018 18:51:23 UTC] PHP Warning:  include(../sidebar.php): failed to open stream: No such file or directory in /home/ubuntu/workspace/views/alert.php on line 110
[19-Jun-2018 18:51:23 UTC] PHP Stack trace:
[19-Jun-2018 18:51:23 UTC] PHP   1. {main}() /home/ubuntu/workspace/views/alert.php:0
[19-Jun-2018 18:51:23 UTC] PHP Warning:  include(): Failed opening '../sidebar.php' for inclusion (include_path='.:/usr/share/php:/usr/share/pear') in /home/ubuntu/workspace/views/alert.php on line 110
[19-Jun-2018 18:51:23 UTC] PHP Stack trace:
[19-Jun-2018 18:51:23 UTC] PHP   1. {main}() /home/ubuntu/workspace/views/alert.php:0
[19-Jun-2018 18:52:11 UTC] PHP Warning:  include(../sidebar.php): failed to open stream: No such file or directory in /home/ubuntu/workspace/views/alert.php on line 110
[19-Jun-2018 18:52:11 UTC] PHP Stack trace:
[19-Jun-2018 18:52:11 UTC] PHP   1. {main}() /home/ubuntu/workspace/views/alert.php:0
[19-Jun-2018 18:52:11 UTC] PHP Warning:  include(): Failed opening '../sidebar.php' for inclusion (include_path='.:/usr/share/php:/usr/share/pear') in /home/ubuntu/workspace/views/alert.php on line 110
[19-Jun-2018 18:52:11 UTC] PHP Stack trace:
[19-Jun-2018 18:52:11 UTC] PHP   1. {main}() /home/ubuntu/workspace/views/alert.php:0
[19-Jun-2018 18:52:42 UTC] PHP Warning:  include(../sidebar.php): failed to open stream: No such file or directory in /home/ubuntu/workspace/views/alert.php on line 42
[19-Jun-2018 18:52:42 UTC] PHP Stack trace:
[19-Jun-2018 18:52:42 UTC] PHP   1. {main}() /home/ubuntu/workspace/views/alert.php:0
[19-Jun-2018 18:52:42 UTC] PHP Warning:  include(): Failed opening '../sidebar.php' for inclusion (include_path='.:/usr/share/php:/usr/share/pear') in /home/ubuntu/workspace/views/alert.php on line 42
[19-Jun-2018 18:52:42 UTC] PHP Stack trace:
[19-Jun-2018 18:52:42 UTC] PHP   1. {main}() /home/ubuntu/workspace/views/alert.php:0
[19-Jun-2018 18:53:29 UTC] PHP Warning:  include(../sidebar.php): failed to open stream: No such file or directory in /home/ubuntu/workspace/views/alert.php on line 105
[19-Jun-2018 18:53:29 UTC] PHP Stack trace:
[19-Jun-2018 18:53:29 UTC] PHP   1. {main}() /home/ubuntu/workspace/views/alert.php:0
[19-Jun-2018 18:53:29 UTC] PHP Warning:  include(): Failed opening '../sidebar.php' for inclusion (include_path='.:/usr/share/php:/usr/share/pear') in /home/ubuntu/workspace/views/alert.php on line 105
[19-Jun-2018 18:53:29 UTC] PHP Stack trace:
[19-Jun-2018 18:53:29 UTC] PHP   1. {main}() /home/ubuntu/workspace/views/alert.php:0
[19-Jun-2018 18:53:59 UTC] PHP Warning:  include(../sidebar.php): failed to open stream: No such file or directory in /home/ubuntu/workspace/views/alert.php on line 105
[19-Jun-2018 18:53:59 UTC] PHP Stack trace:
[19-Jun-2018 18:53:59 UTC] PHP   1. {main}() /home/ubuntu/workspace/views/alert.php:0
[19-Jun-2018 18:53:59 UTC] PHP Warning:  include(): Failed opening '../sidebar.php' for inclusion (include_path='.:/usr/share/php:/usr/share/pear') in /home/ubuntu/workspace/views/alert.php on line 105
[19-Jun-2018 18:53:59 UTC] PHP Stack trace:
[19-Jun-2018 18:53:59 UTC] PHP   1. {main}() /home/ubuntu/workspace/views/alert.php:0
[20-Jun-2018 23:10:29 UTC] PHP Fatal error:  Cannot use [] for reading in /home/ubuntu/workspace/controllers/3etapasController.php on line 20
[20-Jun-2018 23:13:44 UTC] PHP Parse error:  syntax error, unexpected ';' in /home/ubuntu/workspace/controllers/3etapasController.php on line 34
[21-Jun-2018 02:51:36 UTC] PHP Parse error:  syntax error, unexpected '$texto' (T_VARIABLE) in /home/ubuntu/workspace/controllers/3etapasController.php on line 72
[23-Jun-2018 20:06:16 UTC] PHP Warning:  Missing argument 9 for Noticia::create(), called in /home/ubuntu/workspace/controllers/noticiaController.php on line 11 and defined in /home/ubuntu/workspace/models/Noticia.php on line 22
[23-Jun-2018 20:06:16 UTC] PHP Stack trace:
[23-Jun-2018 20:06:16 UTC] PHP   1. {main}() /home/ubuntu/workspace/controllers/noticiaController.php:0
[23-Jun-2018 20:06:16 UTC] PHP   2. Noticia->create() /home/ubuntu/workspace/controllers/noticiaController.php:11
[03-Jul-2018 02:01:16 UTC] PHP Parse error:  syntax error, unexpected '}' in /home/ubuntu/workspace/models/QuestSimples.php on line 103
[03-Jul-2018 02:01:16 UTC] PHP Stack trace:
[03-Jul-2018 02:01:16 UTC] PHP   1. {main}() /home/ubuntu/workspace/controllers/resolveController.php:0
[03-Jul-2018 02:20:46 UTC] PHP Parse error:  syntax error, unexpected '}' in /home/ubuntu/workspace/models/QuestSimples.php on line 103
[03-Jul-2018 02:20:46 UTC] PHP Stack trace:
[03-Jul-2018 02:20:46 UTC] PHP   1. {main}() /home/ubuntu/workspace/controllers/resolveController.php:0
[04-Jul-2018 07:31:52 UTC] PHP Warning:  session_destroy(): Trying to destroy uninitialized session in /home/ubuntu/workspace/views/home.php on line 2
[04-Jul-2018 07:31:52 UTC] PHP Stack trace:
[04-Jul-2018 07:31:52 UTC] PHP   1. {main}() /home/ubuntu/workspace/views/home.php:0
[04-Jul-2018 07:31:52 UTC] PHP   2. session_destroy() /home/ubuntu/workspace/views/home.php:2
[04-Jul-2018 07:32:18 UTC] PHP Warning:  session_destroy(): Trying to destroy uninitialized session in /home/ubuntu/workspace/views/sidebar.php on line 4
[04-Jul-2018 07:32:18 UTC] PHP Stack trace:
[04-Jul-2018 07:32:18 UTC] PHP   1. {main}() /home/ubuntu/workspace/views/home.php:0
[04-Jul-2018 07:32:18 UTC] PHP   2. include() /home/ubuntu/workspace/views/home.php:33
[04-Jul-2018 07:32:18 UTC] PHP   3. session_destroy() /home/ubuntu/workspace/views/sidebar.php:4
[04-Jul-2018 07:40:03 UTC] PHP Fatal error:  Cannot redeclare getType() in /home/ubuntu/workspace/helpers/check.php on line 14
[04-Jul-2018 07:40:03 UTC] PHP Stack trace:
[04-Jul-2018 07:40:03 UTC] PHP   1. {main}() /home/ubuntu/workspace/views/home.php:0
[04-Jul-2018 07:40:48 UTC] PHP Fatal error:  Cannot redeclare getType() in /home/ubuntu/workspace/helpers/check.php on line 14
[04-Jul-2018 07:40:48 UTC] PHP Stack trace:
[04-Jul-2018 07:40:48 UTC] PHP   1. {main}() /home/ubuntu/workspace/views/home.php:0
