[15-Jun-2018 22:08:45 UTC] PHP Warning:  Invalid argument supplied for foreach() in /home/ubuntu/workspace/views/access/signup.php on line 78
[15-Jun-2018 22:08:45 UTC] PHP Stack trace:
[15-Jun-2018 22:08:45 UTC] PHP   1. {main}() /home/ubuntu/workspace/views/access/signup.php:0
[17-Jun-2018 14:51:32 UTC] PHP Warning:  include(sidebar.php): failed to open stream: No such file or directory in /home/ubuntu/workspace/views/location/new.php on line 26
[17-Jun-2018 14:51:32 UTC] PHP Stack trace:
[17-Jun-2018 14:51:32 UTC] PHP   1. {main}() /home/ubuntu/workspace/views/location/new.php:0
[17-Jun-2018 14:51:32 UTC] PHP Warning:  include(): Failed opening 'sidebar.php' for inclusion (include_path='.:/usr/share/php:/usr/share/pear') in /home/ubuntu/workspace/views/location/new.php on line 26
[17-Jun-2018 14:51:32 UTC] PHP Stack trace:
[17-Jun-2018 14:51:32 UTC] PHP   1. {main}() /home/ubuntu/workspace/views/location/new.php:0
[17-Jun-2018 14:55:02 UTC] PHP Warning:  include(/home/ubuntu/workspace../views/sidebar.php): failed to open stream: No such file or directory in /home/ubuntu/workspace/views/location/new.php on line 26
[17-Jun-2018 14:55:02 UTC] PHP Stack trace:
[17-Jun-2018 14:55:02 UTC] PHP   1. {main}() /home/ubuntu/workspace/views/location/new.php:0
[17-Jun-2018 14:55:02 UTC] PHP Warning:  include(): Failed opening '/home/ubuntu/workspace../views/sidebar.php' for inclusion (include_path='.:/usr/share/php:/usr/share/pear') in /home/ubuntu/workspace/views/location/new.php on line 26
[17-Jun-2018 14:55:02 UTC] PHP Stack trace:
[17-Jun-2018 14:55:02 UTC] PHP   1. {main}() /home/ubuntu/workspace/views/location/new.php:0
[17-Jun-2018 14:55:43 UTC] PHP Warning:  include(/home/ubuntu/workspaceviews/sidebar.php): failed to open stream: No such file or directory in /home/ubuntu/workspace/views/location/new.php on line 26
[17-Jun-2018 14:55:43 UTC] PHP Stack trace:
[17-Jun-2018 14:55:43 UTC] PHP   1. {main}() /home/ubuntu/workspace/views/location/new.php:0
[17-Jun-2018 14:55:43 UTC] PHP Warning:  include(): Failed opening '/home/ubuntu/workspaceviews/sidebar.php' for inclusion (include_path='.:/usr/share/php:/usr/share/pear') in /home/ubuntu/workspace/views/location/new.php on line 26
[17-Jun-2018 14:55:43 UTC] PHP Stack trace:
[17-Jun-2018 14:55:43 UTC] PHP   1. {main}() /home/ubuntu/workspace/views/location/new.php:0
[17-Jun-2018 14:58:12 UTC] PHP Warning:  include(../../sidebar.php): failed to open stream: No such file or directory in /home/ubuntu/workspace/views/location/new.php on line 26
[17-Jun-2018 14:58:12 UTC] PHP Stack trace:
[17-Jun-2018 14:58:12 UTC] PHP   1. {main}() /home/ubuntu/workspace/views/location/new.php:0
[17-Jun-2018 14:58:12 UTC] PHP Warning:  include(): Failed opening '../../sidebar.php' for inclusion (include_path='.:/usr/share/php:/usr/share/pear') in /home/ubuntu/workspace/views/location/new.php on line 26
[17-Jun-2018 14:58:12 UTC] PHP Stack trace:
[17-Jun-2018 14:58:12 UTC] PHP   1. {main}() /home/ubuntu/workspace/views/location/new.php:0
[17-Jun-2018 22:22:03 UTC] PHP Fatal error:  Call to undefined function coordList() in /home/ubuntu/workspace/views/location/new.php on line 37
[17-Jun-2018 22:22:03 UTC] PHP Stack trace:
[17-Jun-2018 22:22:03 UTC] PHP   1. {main}() /home/ubuntu/workspace/views/location/new.php:0
[17-Jun-2018 22:23:41 UTC] PHP Warning:  Illegal string offset 'id' in /home/ubuntu/workspace/views/location/new.php on line 39
[17-Jun-2018 22:23:41 UTC] PHP Stack trace:
[17-Jun-2018 22:23:41 UTC] PHP   1. {main}() /home/ubuntu/workspace/views/location/new.php:0
[17-Jun-2018 23:15:28 UTC] PHP Warning:  Invalid argument supplied for foreach() in /home/ubuntu/workspace/helpers/queries.php on line 24
[17-Jun-2018 23:15:28 UTC] PHP Stack trace:
[17-Jun-2018 23:15:28 UTC] PHP   1. {main}() /home/ubuntu/workspace/views/location/new.php:0
[17-Jun-2018 23:15:28 UTC] PHP   2. coordListJson() /home/ubuntu/workspace/views/location/new.php:73
[17-Jun-2018 23:15:52 UTC] PHP Warning:  Invalid argument supplied for foreach() in /home/ubuntu/workspace/helpers/queries.php on line 24
[17-Jun-2018 23:15:52 UTC] PHP Stack trace:
[17-Jun-2018 23:15:52 UTC] PHP   1. {main}() /home/ubuntu/workspace/views/location/new.php:0
[17-Jun-2018 23:15:52 UTC] PHP   2. coordListJson() /home/ubuntu/workspace/views/location/new.php:73
[18-Jun-2018 21:45:30 UTC] PHP Fatal error:  Call to undefined function var_dumo() in /home/ubuntu/workspace/views/avaliac/questBuild.php on line 58
[18-Jun-2018 21:45:30 UTC] PHP Stack trace:
[18-Jun-2018 21:45:30 UTC] PHP   1. {main}() /home/ubuntu/workspace/views/avaliac/questBuild.php:0
